<?xml version="1.0" encoding="utf-8"?>
<feed xmlns="http://www.w3.org/2005/Atom" xmlns:idx="urn:atom-extension:indexing">
    <id>tag:google.com,2005:reader/user/04221833127757082757/state/com.google/alerts/624213257318040987</id>
    <title>Google Alert - anuel</title>
    <link href="https://www.google.com/alerts/feeds/04221833127757082757/624213257318040987" rel="self">
    </link>
    <updated>2019-08-08T22:41:15Z</updated>
    <entry>
        <id>tag:google.com,2013:googlealerts/feed:4610048900603196609</id>
        <title type="html">Foot Locker Honors the Swoosh with Exclusive Line</title>
        <link href="https://www.google.com/url?rct=j&amp;sa=t&amp;url=http://tha.surge.local/blog-post-ogimage.html&amp;ct=ga&amp;cd=CAIyHWY2MGM0ZjA4NTRjZjBiYjA6Y29tLmN1OmVuOkNM&amp;usg=AFQjCNHdY2PzzjkxymqKibDVFsrtNy2aWA">
        </link>
        <published>2019-08-08T22:41:15Z</published>
        <updated>2019-08-08T22:41:15Z</updated>
        <content type="html">“The digital spots, created by creative agency The Times, features NBA star D&amp;#39;Angelo Russell, Latin trap artist &lt;b&gt;Anuel&lt;/b&gt; AA and musicians Da Baby and&amp;nbsp;...</content>
        <author>
            <name></name>
        </author>
    </entry>
    <entry>
        <id>tag:google.com,2013:googlealerts/feed:4610048900603196609</id>
        <title type="html">Foot Locker Honors the Swoosh with Exclusive Line</title>
        <link href="https://www.google.com/url?rct=j&amp;sa=t&amp;url=http://tha.surge.local/blog-post-article.html&amp;ct=ga&amp;cd=CAIyHWY2MGM0ZjA4NTRjZjBiYjA6Y29tLmN1OmVuOkNM&amp;usg=AFQjCNHdY2PzzjkxymqKibDVFsrtNy2aWA">
        </link>
        <published>2019-08-08T22:41:15Z</published>
        <updated>2019-08-08T22:41:15Z</updated>
        <content type="html">“The digital spots, created by creative agency The Times, features NBA star D&amp;#39;Angelo Russell, Latin trap artist &lt;b&gt;Anuel&lt;/b&gt; AA and musicians Da Baby and&amp;nbsp;...</content>
        <author>
            <name></name>
        </author>
    </entry>
</feed>